This is pdfTeX, Version 3.14159265-2.6-1.40.20 (MiKTeX 2.9.7250 64-bit) (preloaded format=pdflatex 2020.4.18)  21 APR 2020 11:52
entering extended mode
**./main.tex
(main.tex
LaTeX2e <2019-10-01> patch level 3
("C:\Users\sudhi\AppData\Local\Programs\MiKTeX 2.9\tex/latex/base\article.cls"
Document Class: article 2019/10/25 v1.4k Standard LaTeX document class
("C:\Users\sudhi\AppData\Local\Programs\MiKTeX 2.9\tex/latex/base\size12.clo"
File: size12.clo 2019/10/25 v1.4k Standard LaTeX file (size option)
)
\c@part=\count80
\c@section=\count81
\c@subsection=\count82
\c@subsubsection=\count83
\c@paragraph=\count84
\c@subparagraph=\count85
\c@figure=\count86
\c@table=\count87
\abovecaptionskip=\skip41
\belowcaptionskip=\skip42
\bibindent=\dimen102
) ("C:\Users\sudhi\AppData\Local\Programs\MiKTeX 2.9\tex/latex/base\inputenc.st
y"
Package: inputenc 2018/08/11 v1.3c Input encoding file
\inpenc@prehook=\toks14
\inpenc@posthook=\toks15
)
("C:\Users\sudhi\AppData\Local\Programs\MiKTeX 2.9\tex/latex/algorithmicx\algps
eudocode.sty"
Package: algpseudocode 

("C:\Users\sudhi\AppData\Local\Programs\MiKTeX 2.9\tex/latex/base\ifthen.sty"
Package: ifthen 2014/09/29 v1.1c Standard LaTeX ifthen package (DPC)
)
("C:\Users\sudhi\AppData\Local\Programs\MiKTeX 2.9\tex/latex/algorithmicx\algor
ithmicx.sty"
Package: algorithmicx 2005/04/27 v1.2 Algorithmicx

Document Style algorithmicx 1.2 - a greatly improved `algorithmic' style
\c@ALG@line=\count88
\c@ALG@rem=\count89
\c@ALG@nested=\count90
\ALG@tlm=\skip43
\ALG@thistlm=\skip44
\c@ALG@Lnr=\count91
\c@ALG@blocknr=\count92
\c@ALG@storecount=\count93
\c@ALG@tmpcounter=\count94
\ALG@tmplength=\skip45
)
Document Style - pseudocode environments for use with the `algorithmicx' style
)
("C:\Users\sudhi\AppData\Local\Programs\MiKTeX 2.9\tex/latex/algorithms\algorit
hm.sty"
Package: algorithm 2009/08/24 v0.1 Document Style `algorithm' - floating enviro
nment

("C:\Users\sudhi\AppData\Local\Programs\MiKTeX 2.9\tex/latex/float\float.sty"
Package: float 2001/11/08 v1.3d Float enhancements (AL)
\c@float@type=\count95
\float@exts=\toks16
\float@box=\box27
\@float@everytoks=\toks17
\@floatcapt=\box28
)
\@float@every@algorithm=\toks18
\c@algorithm=\count96
) (main.aux)
\openout1 = `main.aux'.

LaTeX Font Info:    Checking defaults for OML/cmm/m/it on input line 10.
LaTeX Font Info:    ... okay on input line 10.
LaTeX Font Info:    Checking defaults for T1/cmr/m/n on input line 10.
LaTeX Font Info:    ... okay on input line 10.
LaTeX Font Info:    Checking defaults for OT1/cmr/m/n on input line 10.
LaTeX Font Info:    ... okay on input line 10.
LaTeX Font Info:    Checking defaults for OMS/cmsy/m/n on input line 10.
LaTeX Font Info:    ... okay on input line 10.
LaTeX Font Info:    Checking defaults for OMX/cmex/m/n on input line 10.
LaTeX Font Info:    ... okay on input line 10.
LaTeX Font Info:    Checking defaults for U/cmr/m/n on input line 10.
LaTeX Font Info:    ... okay on input line 10.
LaTeX Font Info:    External font `cmex10' loaded for size
(Font)              <20.74> on input line 11.
LaTeX Font Info:    External font `cmex10' loaded for size
(Font)              <14.4> on input line 11.
LaTeX Font Info:    External font `cmex10' loaded for size
(Font)              <12> on input line 11.
LaTeX Font Info:    External font `cmex10' loaded for size
(Font)              <7> on input line 11.
LaTeX Font Info:    Trying to load font information for OMS+cmr on input line 1
1.

("C:\Users\sudhi\AppData\Local\Programs\MiKTeX 2.9\tex/latex/base\omscmr.fd"
File: omscmr.fd 2014/09/29 v2.5h Standard LaTeX font definitions
)
LaTeX Font Info:    Font shape `OMS/cmr/m/n' in size <10> not available
(Font)              Font shape `OMS/cmsy/m/n' tried instead on input line 11.
LaTeX Font Info:    External font `cmex10' loaded for size
(Font)              <5> on input line 11.
LaTeX Font Info:    Font shape `OMS/cmr/m/n' in size <7> not available
(Font)              Font shape `OMS/cmsy/m/n' tried instead on input line 11.
LaTeX Font Info:    External font `cmex10' loaded for size
(Font)              <8> on input line 17.
LaTeX Font Info:    External font `cmex10' loaded for size
(Font)              <6> on input line 17.

[1

{C:/Users/sudhi/AppData/Local/MiKTeX/2.9/pdftex/config/pdftex.map}] (main.aux) 
) 
Here is how much of TeX's memory you used:
 916 strings out of 492484
 12851 string characters out of 3121601
 75177 words of memory out of 3000000
 5311 multiletter control sequences out of 15000+200000
 9417 words of font info for 33 fonts, out of 3000000 for 9000
 1141 hyphenation exceptions out of 8191
 29i,11n,23p,275b,319s stack positions out of 5000i,500n,10000p,200000b,50000s
<C:/Users/sudhi/AppData/Local/Programs/MiKTeX 2.9/fonts/type1/public/amsfonts/
cm/cmbx12.pfb><C:/Users/sudhi/AppData/Local/Programs/MiKTeX 2.9/fonts/type1/pub
lic/amsfonts/cm/cmcsc10.pfb><C:/Users/sudhi/AppData/Local/Programs/MiKTeX 2.9/f
onts/type1/public/amsfonts/cm/cmmi12.pfb><C:/Users/sudhi/AppData/Local/Programs
/MiKTeX 2.9/fonts/type1/public/amsfonts/cm/cmr10.pfb><C:/Users/sudhi/AppData/Lo
cal/Programs/MiKTeX 2.9/fonts/type1/public/amsfonts/cm/cmr12.pfb><C:/Users/sudh
i/AppData/Local/Programs/MiKTeX 2.9/fonts/type1/public/amsfonts/cm/cmr17.pfb><C
:/Users/sudhi/AppData/Local/Programs/MiKTeX 2.9/fonts/type1/public/amsfonts/cm/
cmsy10.pfb><C:/Users/sudhi/AppData/Local/Programs/MiKTeX 2.9/fonts/type1/public
/amsfonts/cm/cmsy7.pfb>
Output written on main.pdf (1 page, 88603 bytes).
PDF statistics:
 38 PDF objects out of 1000 (max. 8388607)
 0 named destinations out of 1000 (max. 500000)
 1 words of extra memory for PDF output out of 10000 (max. 10000000)

